# JRE version: OpenJDK Runtime Environment (8.0_76-b03) (build 1.8.0_76-release-b03)
# Java VM: OpenJDK 64-Bit Server VM (25.76-b03 mixed mode windows-amd64 compressed oops)
Heap:
 PSYoungGen      total 349696K, used 98659K [0x00000000e0000000, 0x0000000100000000, 0x0000000100000000)
  eden space 175104K, 0% used [0x00000000e0000000,0x00000000e0000000,0x00000000eab00000)
  from space 174592K, 56% used [0x00000000eab00000,0x00000000f0b58d50,0x00000000f5580000)
  to   space 174592K, 0% used [0x00000000f5580000,0x00000000f5580000,0x0000000100000000)
 ParOldGen       total 1048576K, used 998828K [0x00000000a0000000, 0x00000000e0000000, 0x00000000e0000000)
  object space 1048576K, 95% used [0x00000000a0000000,0x00000000dcf6b290,0x00000000e0000000)
 Metaspace       used 81354K, capacity 86468K, committed 86832K, reserved 1124352K
  class space    used 10089K, capacity 10927K, committed 11056K, reserved 1048576K
GC Heap History (10 events):
Event: 3259.280 GC heap after
Heap after GC invocations=405 (full 31):
 PSYoungGen      total 239616K, used 0K [0x00000000e0000000, 0x00000000fff00000, 0x0000000100000000)
  eden space 175104K, 0% used [0x00000000e0000000,0x00000000e0000000,0x00000000eab00000)
  from space 64512K, 0% used [0x00000000eab00000,0x00000000eab00000,0x00000000eea00000)
  to   space 174080K, 0% used [0x00000000f5500000,0x00000000f5500000,0x00000000fff00000)
 ParOldGen       total 1048576K, used 837108K [0x00000000a0000000, 0x00000000e0000000, 0x00000000e0000000)
  object space 1048576K, 79% used [0x00000000a0000000,0x00000000d317d0e0,0x00000000e0000000)
 Metaspace       used 81354K, capacity 86468K, committed 86832K, reserved 1124352K
  class space    used 10089K, capacity 10927K, committed 11056K, reserved 1048576K
}
Event: 3259.726 GC heap before
{Heap before GC invocations=406 (full 31):
 PSYoungGen      total 239616K, used 175104K [0x00000000e0000000, 0x00000000fff00000, 0x0000000100000000)
  eden space 175104K, 100% used [0x00000000e0000000,0x00000000eab00000,0x00000000eab00000)
  from space 64512K, 0% used [0x00000000eab00000,0x00000000eab00000,0x00000000eea00000)
  to   space 174080K, 0% used [0x00000000f5500000,0x00000000f5500000,0x00000000fff00000)
 ParOldGen       total 1048576K, used 837108K [0x00000000a0000000, 0x00000000e0000000, 0x00000000e0000000)
  object space 1048576K, 79% used [0x00000000a0000000,0x00000000d317d0e0,0x00000000e0000000)
 Metaspace       used 81354K, capacity 86468K, committed 86832K, reserved 1124352K
  class space    used 10089K, capacity 10927K, committed 11056K, reserved 1048576K
Event: 3259.762 GC heap after
Heap after GC invocations=406 (full 31):
 PSYoungGen      total 356352K, used 66022K [0x00000000e0000000, 0x00000000ffd00000, 0x0000000100000000)
  eden space 184320K, 0% used [0x00000000e0000000,0x00000000e0000000,0x00000000eb400000)
  from space 172032K, 38% used [0x00000000f5500000,0x00000000f9579920,0x00000000ffd00000)
  to   space 164864K, 0% used [0x00000000eb400000,0x00000000eb400000,0x00000000f5500000)
 ParOldGen       total 1048576K, used 837108K [0x00000000a0000000, 0x00000000e0000000, 0x00000000e0000000)
  object space 1048576K, 79% used [0x00000000a0000000,0x00000000d317d0e0,0x00000000e0000000)
 Metaspace       used 81354K, capacity 86468K, committed 86832K, reserved 1124352K
  class space    used 10089K, capacity 10927K, committed 11056K, reserved 1048576K
}
Event: 3259.818 GC heap before
{Heap before GC invocations=407 (full 31):
 PSYoungGen      total 356352K, used 250342K [0x00000000e0000000, 0x00000000ffd00000, 0x0000000100000000)
  eden space 184320K, 100% used [0x00000000e0000000,0x00000000eb400000,0x00000000eb400000)
  from space 172032K, 38% used [0x00000000f5500000,0x00000000f9579920,0x00000000ffd00000)
  to   space 164864K, 0% used [0x00000000eb400000,0x00000000eb400000,0x00000000f5500000)
 ParOldGen       total 1048576K, used 837108K [0x00000000a0000000, 0x00000000e0000000, 0x00000000e0000000)
  object space 1048576K, 79% used [0x00000000a0000000,0x00000000d317d0e0,0x00000000e0000000)
 Metaspace       used 81354K, capacity 86468K, committed 86832K, reserved 1124352K
  class space    used 10089K, capacity 10927K, committed 11056K, reserved 1048576K
Event: 3259.881 GC heap after
Heap after GC invocations=407 (full 31):
 PSYoungGen      total 349184K, used 164833K [0x00000000e0000000, 0x0000000100000000, 0x0000000100000000)
  eden space 184320K, 0% used [0x00000000e0000000,0x00000000e0000000,0x00000000eb400000)
  from space 164864K, 99% used [0x00000000eb400000,0x00000000f54f8558,0x00000000f5500000)
  to   space 174592K, 0% used [0x00000000f5580000,0x00000000f5580000,0x0000000100000000)
 ParOldGen       total 1048576K, used 850732K [0x00000000a0000000, 0x00000000e0000000, 0x00000000e0000000)
  object space 1048576K, 81% used [0x00000000a0000000,0x00000000d3ecb0e0,0x00000000e0000000)
 Metaspace       used 81354K, capacity 86468K, committed 86832K, reserved 1124352K
  class space    used 10089K, capacity 10927K, committed 11056K, reserved 1048576K
}
Event: 3260.045 GC heap before
{Heap before GC invocations=408 (full 31):
 PSYoungGen      total 349184K, used 349153K [0x00000000e0000000, 0x0000000100000000, 0x0000000100000000)
  eden space 184320K, 100% used [0x00000000e0000000,0x00000000eb400000,0x00000000eb400000)
  from space 164864K, 99% used [0x00000000eb400000,0x00000000f54f8558,0x00000000f5500000)
  to   space 174592K, 0% used [0x00000000f5580000,0x00000000f5580000,0x0000000100000000)
 ParOldGen       total 1048576K, used 850732K [0x00000000a0000000, 0x00000000e0000000, 0x00000000e0000000)
  object space 1048576K, 81% used [0x00000000a0000000,0x00000000d3ecb0e0,0x00000000e0000000)
 Metaspace       used 81354K, capacity 86468K, committed 86832K, reserved 1124352K
  class space    used 10089K, capacity 10927K, committed 11056K, reserved 1048576K
Event: 3260.117 GC heap after
Heap after GC invocations=408 (full 31):
 PSYoungGen      total 349696K, used 137404K [0x00000000e0000000, 0x0000000100000000, 0x0000000100000000)
  eden space 175104K, 0% used [0x00000000e0000000,0x00000000e0000000,0x00000000eab00000)
  from space 174592K, 78% used [0x00000000f5580000,0x00000000fdbaf080,0x0000000100000000)
  to   space 174592K, 0% used [0x00000000eab00000,0x00000000eab00000,0x00000000f5580000)
 ParOldGen       total 1048576K, used 905200K [0x00000000a0000000, 0x00000000e0000000, 0x00000000e0000000)
  object space 1048576K, 86% used [0x00000000a0000000,0x00000000d73fc3e8,0x00000000e0000000)
 Metaspace       used 81354K, capacity 86468K, committed 86832K, reserved 1124352K
  class space    used 10089K, capacity 10927K, committed 11056K, reserved 1048576K
}
Event: 3260.503 GC heap before
{Heap before GC invocations=409 (full 31):
 PSYoungGen      total 349696K, used 312508K [0x00000000e0000000, 0x0000000100000000, 0x0000000100000000)
  eden space 175104K, 100% used [0x00000000e0000000,0x00000000eab00000,0x00000000eab00000)
  from space 174592K, 78% used [0x00000000f5580000,0x00000000fdbaf080,0x0000000100000000)
  to   space 174592K, 0% used [0x00000000eab00000,0x00000000eab00000,0x00000000f5580000)
 ParOldGen       total 1048576K, used 905200K [0x00000000a0000000, 0x00000000e0000000, 0x00000000e0000000)
  object space 1048576K, 86% used [0x00000000a0000000,0x00000000d73fc3e8,0x00000000e0000000)
 Metaspace       used 81354K, capacity 86468K, committed 86832K, reserved 1124352K
  class space    used 10089K, capacity 10927K, committed 11056K, reserved 1048576K
Event: 3260.568 GC heap after
Heap after GC invocations=409 (full 31):
 PSYoungGen      total 349696K, used 98659K [0x00000000e0000000, 0x0000000100000000, 0x0000000100000000)
  eden space 175104K, 0% used [0x00000000e0000000,0x00000000e0000000,0x00000000eab00000)
  from space 174592K, 56% used [0x00000000eab00000,0x00000000f0b58d50,0x00000000f5580000)
  to   space 174592K, 0% used [0x00000000f5580000,0x00000000f5580000,0x0000000100000000)
 ParOldGen       total 1048576K, used 998828K [0x00000000a0000000, 0x00000000e0000000, 0x00000000e0000000)
  object space 1048576K, 95% used [0x00000000a0000000,0x00000000dcf6b290,0x00000000e0000000)
 Metaspace       used 81354K, capacity 86468K, committed 86832K, reserved 1124352K
  class space    used 10089K, capacity 10927K, committed 11056K, reserved 1048576K
}
Event: 3260.568 GC heap before
{Heap before GC invocations=410 (full 32):
 PSYoungGen      total 349696K, used 98659K [0x00000000e0000000, 0x0000000100000000, 0x0000000100000000)
  eden space 175104K, 0% used [0x00000000e0000000,0x00000000e0000000,0x00000000eab00000)
  from space 174592K, 56% used [0x00000000eab00000,0x00000000f0b58d50,0x00000000f5580000)
  to   space 174592K, 0% used [0x00000000f5580000,0x00000000f5580000,0x0000000100000000)
 ParOldGen       total 1048576K, used 998828K [0x00000000a0000000, 0x00000000e0000000, 0x00000000e0000000)
  object space 1048576K, 95% used [0x00000000a0000000,0x00000000dcf6b290,0x00000000e0000000)
 Metaspace       used 81354K, capacity 86468K, committed 86832K, reserved 1124352K
  class space    used 10089K, capacity 10927K, committed 11056K, reserved 1048576K

